INFO [2021-03-18 19:57:42] $x
INFO [2021-03-18 19:57:42] pData$Databases
INFO [2021-03-18 19:57:42] 
INFO [2021-03-18 19:57:42] $filename
INFO [2021-03-18 19:57:42] pData$outputFile
INFO [2021-03-18 19:57:42] 
INFO [2021-03-18 19:57:42] $output
INFO [2021-03-18 19:57:42] [1] TRUE
INFO [2021-03-18 19:57:42] 
INFO [2021-03-18 19:57:42] $width
INFO [2021-03-18 19:57:42] [1] 3300
INFO [2021-03-18 19:57:42] 
INFO [2021-03-18 19:57:42] $height
INFO [2021-03-18 19:57:42] [1] 3000
INFO [2021-03-18 19:57:42] 
INFO [2021-03-18 19:57:42] $cex
INFO [2021-03-18 19:57:42] [1] 3
INFO [2021-03-18 19:57:42] 
INFO [2021-03-18 19:57:42] $fontface
INFO [2021-03-18 19:57:42] [1] "bold"
INFO [2021-03-18 19:57:42] 
INFO [2021-03-18 19:57:42] $fontfamily
INFO [2021-03-18 19:57:42] [1] "sans"
INFO [2021-03-18 19:57:42] 
INFO [2021-03-18 19:57:42] $cat.cex
INFO [2021-03-18 19:57:42] [1] 0
INFO [2021-03-18 19:57:42] 
INFO [2021-03-18 19:57:42] $lwd
INFO [2021-03-18 19:57:42] [1] 2
INFO [2021-03-18 19:57:42] 
INFO [2021-03-18 19:57:42] $lty
INFO [2021-03-18 19:57:42] [1] "blank"
INFO [2021-03-18 19:57:42] 
INFO [2021-03-18 19:57:42] $fill
INFO [2021-03-18 19:57:42] c("#DCF0E7", "#FDE8D9")
INFO [2021-03-18 19:57:42] 
