INFO [2021-03-18 19:57:43] $x
INFO [2021-03-18 19:57:43] pData$Databases
INFO [2021-03-18 19:57:43] 
INFO [2021-03-18 19:57:43] $filename
INFO [2021-03-18 19:57:43] pData$outputFile
INFO [2021-03-18 19:57:43] 
INFO [2021-03-18 19:57:43] $output
INFO [2021-03-18 19:57:43] [1] TRUE
INFO [2021-03-18 19:57:43] 
INFO [2021-03-18 19:57:43] $width
INFO [2021-03-18 19:57:43] [1] 3300
INFO [2021-03-18 19:57:43] 
INFO [2021-03-18 19:57:43] $height
INFO [2021-03-18 19:57:43] [1] 3000
INFO [2021-03-18 19:57:43] 
INFO [2021-03-18 19:57:43] $cex
INFO [2021-03-18 19:57:43] [1] 3
INFO [2021-03-18 19:57:43] 
INFO [2021-03-18 19:57:43] $fontface
INFO [2021-03-18 19:57:43] [1] "bold"
INFO [2021-03-18 19:57:43] 
INFO [2021-03-18 19:57:43] $fontfamily
INFO [2021-03-18 19:57:43] [1] "sans"
INFO [2021-03-18 19:57:43] 
INFO [2021-03-18 19:57:43] $cat.cex
INFO [2021-03-18 19:57:43] [1] 0
INFO [2021-03-18 19:57:43] 
INFO [2021-03-18 19:57:43] $lwd
INFO [2021-03-18 19:57:43] [1] 2
INFO [2021-03-18 19:57:43] 
INFO [2021-03-18 19:57:43] $lty
INFO [2021-03-18 19:57:43] [1] "blank"
INFO [2021-03-18 19:57:43] 
INFO [2021-03-18 19:57:43] $fill
INFO [2021-03-18 19:57:43] rev(c("#FDE8D9", "#DCF0E7"))
INFO [2021-03-18 19:57:43] 
