INFO [2021-03-16 21:20:56] $x
INFO [2021-03-16 21:20:56] pData$sets
INFO [2021-03-16 21:20:56] 
INFO [2021-03-16 21:20:56] $filename
INFO [2021-03-16 21:20:56] pData$outputFile
INFO [2021-03-16 21:20:56] 
INFO [2021-03-16 21:20:56] $output
INFO [2021-03-16 21:20:56] [1] TRUE
INFO [2021-03-16 21:20:56] 
INFO [2021-03-16 21:20:56] $width
INFO [2021-03-16 21:20:56] [1] 3300
INFO [2021-03-16 21:20:56] 
INFO [2021-03-16 21:20:56] $height
INFO [2021-03-16 21:20:56] [1] 3000
INFO [2021-03-16 21:20:56] 
INFO [2021-03-16 21:20:56] $cex
INFO [2021-03-16 21:20:56] [1] 3
INFO [2021-03-16 21:20:56] 
INFO [2021-03-16 21:20:56] $fontface
INFO [2021-03-16 21:20:56] [1] "bold"
INFO [2021-03-16 21:20:56] 
INFO [2021-03-16 21:20:56] $fontfamily
INFO [2021-03-16 21:20:56] [1] "sans"
INFO [2021-03-16 21:20:56] 
INFO [2021-03-16 21:20:56] $cat.cex
INFO [2021-03-16 21:20:56] [1] 0
INFO [2021-03-16 21:20:56] 
INFO [2021-03-16 21:20:56] $lwd
INFO [2021-03-16 21:20:56] [1] 2
INFO [2021-03-16 21:20:56] 
INFO [2021-03-16 21:20:56] $lty
INFO [2021-03-16 21:20:56] [1] "blank"
INFO [2021-03-16 21:20:56] 
INFO [2021-03-16 21:20:56] $fill
INFO [2021-03-16 21:20:56] c("#DCF0E7", "#FDE8D9")
INFO [2021-03-16 21:20:56] 
ERROR [2021-03-16 21:20:56] Unexpected parameter length for 'fill'
