INFO [2021-03-16 21:21:35] $x
INFO [2021-03-16 21:21:35] pData$sets
INFO [2021-03-16 21:21:35] 
INFO [2021-03-16 21:21:35] $filename
INFO [2021-03-16 21:21:35] pData$outputFile
INFO [2021-03-16 21:21:35] 
INFO [2021-03-16 21:21:35] $output
INFO [2021-03-16 21:21:35] [1] TRUE
INFO [2021-03-16 21:21:35] 
INFO [2021-03-16 21:21:35] $width
INFO [2021-03-16 21:21:35] [1] 3300
INFO [2021-03-16 21:21:35] 
INFO [2021-03-16 21:21:35] $height
INFO [2021-03-16 21:21:35] [1] 3000
INFO [2021-03-16 21:21:35] 
INFO [2021-03-16 21:21:35] $cex
INFO [2021-03-16 21:21:35] [1] 3
INFO [2021-03-16 21:21:35] 
INFO [2021-03-16 21:21:35] $fontface
INFO [2021-03-16 21:21:35] [1] "bold"
INFO [2021-03-16 21:21:35] 
INFO [2021-03-16 21:21:35] $fontfamily
INFO [2021-03-16 21:21:35] [1] "sans"
INFO [2021-03-16 21:21:35] 
INFO [2021-03-16 21:21:35] $cat.cex
INFO [2021-03-16 21:21:35] [1] 0
INFO [2021-03-16 21:21:35] 
INFO [2021-03-16 21:21:35] $lwd
INFO [2021-03-16 21:21:35] [1] 2
INFO [2021-03-16 21:21:35] 
INFO [2021-03-16 21:21:35] $lty
INFO [2021-03-16 21:21:35] [1] "blank"
INFO [2021-03-16 21:21:35] 
INFO [2021-03-16 21:21:35] $fill
INFO [2021-03-16 21:21:35] c("#DCF0E7", "#FDE8D9")
INFO [2021-03-16 21:21:35] 
