INFO [2021-03-18 19:58:59] $x
INFO [2021-03-18 19:58:59] pData$sets
INFO [2021-03-18 19:58:59] 
INFO [2021-03-18 19:58:59] $filename
INFO [2021-03-18 19:58:59] pData$outputFile
INFO [2021-03-18 19:58:59] 
INFO [2021-03-18 19:58:59] $output
INFO [2021-03-18 19:58:59] [1] TRUE
INFO [2021-03-18 19:58:59] 
INFO [2021-03-18 19:58:59] $width
INFO [2021-03-18 19:58:59] [1] 3300
INFO [2021-03-18 19:58:59] 
INFO [2021-03-18 19:58:59] $height
INFO [2021-03-18 19:58:59] [1] 3000
INFO [2021-03-18 19:58:59] 
INFO [2021-03-18 19:58:59] $cex
INFO [2021-03-18 19:58:59] [1] 3.5
INFO [2021-03-18 19:58:59] 
INFO [2021-03-18 19:58:59] $fontface
INFO [2021-03-18 19:58:59] [1] "bold"
INFO [2021-03-18 19:58:59] 
INFO [2021-03-18 19:58:59] $fontfamily
INFO [2021-03-18 19:58:59] [1] "sans"
INFO [2021-03-18 19:58:59] 
INFO [2021-03-18 19:58:59] $cat.cex
INFO [2021-03-18 19:58:59] [1] 0
INFO [2021-03-18 19:58:59] 
INFO [2021-03-18 19:58:59] $lwd
INFO [2021-03-18 19:58:59] [1] 2
INFO [2021-03-18 19:58:59] 
INFO [2021-03-18 19:58:59] $lty
INFO [2021-03-18 19:58:59] [1] "blank"
INFO [2021-03-18 19:58:59] 
INFO [2021-03-18 19:58:59] $fill
INFO [2021-03-18 19:58:59] c("#DCF0E7", "#FDE8D9")
INFO [2021-03-18 19:58:59] 
