INFO [2021-03-18 19:59:00] $x
INFO [2021-03-18 19:59:00] pData$sets
INFO [2021-03-18 19:59:00] 
INFO [2021-03-18 19:59:00] $filename
INFO [2021-03-18 19:59:00] pData$outputFile
INFO [2021-03-18 19:59:00] 
INFO [2021-03-18 19:59:00] $output
INFO [2021-03-18 19:59:00] [1] TRUE
INFO [2021-03-18 19:59:00] 
INFO [2021-03-18 19:59:00] $width
INFO [2021-03-18 19:59:00] [1] 3300
INFO [2021-03-18 19:59:00] 
INFO [2021-03-18 19:59:00] $height
INFO [2021-03-18 19:59:00] [1] 3000
INFO [2021-03-18 19:59:00] 
INFO [2021-03-18 19:59:00] $cex
INFO [2021-03-18 19:59:00] [1] 3
INFO [2021-03-18 19:59:00] 
INFO [2021-03-18 19:59:00] $fontface
INFO [2021-03-18 19:59:00] [1] "bold"
INFO [2021-03-18 19:59:00] 
INFO [2021-03-18 19:59:00] $fontfamily
INFO [2021-03-18 19:59:00] [1] "sans"
INFO [2021-03-18 19:59:00] 
INFO [2021-03-18 19:59:00] $cat.cex
INFO [2021-03-18 19:59:00] [1] 0
INFO [2021-03-18 19:59:00] 
INFO [2021-03-18 19:59:00] $lwd
INFO [2021-03-18 19:59:00] [1] 2
INFO [2021-03-18 19:59:00] 
INFO [2021-03-18 19:59:00] $lty
INFO [2021-03-18 19:59:00] [1] "blank"
INFO [2021-03-18 19:59:00] 
INFO [2021-03-18 19:59:00] $fill
INFO [2021-03-18 19:59:00] c("#DCF0E7", "#FDE8D9")
INFO [2021-03-18 19:59:00] 
